This file contains any messages produced by compilers while
running configure, to aid debugging if configure makes a mistake.

It was created by polkit-gnome configure 0.105, which was
generated by GNU Autoconf 2.68.  Invocation command line was

  $ ./configure --prefix=/usr

## --------- ##
## Platform. ##
## --------- ##

hostname = porteus
uname -m = x86_64
uname -r = 3.14.15-porteus
uname -s = Linux
uname -v = #1 SMP PREEMPT Sun Aug 3 12:01:20 Local time zone must be set--s

/usr/bin/uname -p = Intel(R) Core(TM) i7-4700MQ CPU @ 2.40GHz
/bin/uname -X     = unknown

/bin/arch              = x86_64
/usr/bin/arch -k       = unknown
/usr/convex/getsysinfo = unknown
/usr/bin/hostinfo      = unknown
/bin/machine           = unknown
/usr/bin/oslevel       = unknown
/bin/universe          = unknown

PATH: /usr/local/sbin
PATH: /usr/local/bin
PATH: /sbin
PATH: /usr/sbin
PATH: /bin
PATH: /usr/bin


## ----------- ##
## Core tests. ##
## ----------- ##

configure:2333: checking for a BSD-compatible install
configure:2401: result: /bin/ginstall -c
configure:2412: checking whether build environment is sane
configure:2462: result: yes
configure:2603: checking for a thread-safe mkdir -p
configure:2642: result: /bin/mkdir -p
configure:2655: checking for gawk
configure:2671: found /bin/gawk
configure:2682: result: gawk
configure:2693: checking whether make sets $(MAKE)
configure:2715: result: yes
configure:2802: checking whether to disable maintainer-specific portions of Makefiles
configure:2811: result: yes
configure:2898: checking for gcc
configure:2914: found /usr/bin/gcc
configure:2925: result: gcc
configure:3154: checking for C compiler version
configure:3163: gcc --version >&5
gcc (GCC) 4.8.2
Copyright (C) 2013 Free Software Foundation, Inc.
This is free software; see the source for copying conditions.  There is NO
warranty; not even for MERCHANTABILITY or FITNESS FOR A PARTICULAR PURPOSE.

configure:3174: $? = 0
configure:3163: gcc -v >&5
Reading specs from /usr/lib64/gcc/x86_64-slackware-linux/4.8.2/specs
COLLECT_GCC=gcc
Target: x86_64-slackware-linux
Configured with: ../gcc-4.8.2/configure --prefix=/usr --libdir=/usr/lib64 --mandir=/usr/man --infodir=/usr/info --enable-shared --enable-bootstrap --enable-languages=ada,c,c++,fortran,go,java,lto,objc --enable-threads=posix --enable-checking=release --enable-objc-gc --with-system-zlib --with-python-dir=/lib64/python2.7/site-packages --disable-libunwind-exceptions --enable-__cxa_atexit --enable-libssp --enable-lto --with-gnu-ld --verbose --enable-java-home --with-java-home=/usr/lib64/jvm/jre --with-jvm-root-dir=/usr/lib64/jvm --with-jvm-jar-dir=/usr/lib64/jvm/jvm-exports --with-arch-directory=amd64 --with-antlr-jar=/tmp/gcc/antlr-runtime-3.4.jar --enable-java-awt=gtk --disable-gtktest --disable-multilib --target=x86_64-slackware-linux --build=x86_64-slackware-linux --host=x86_64-slackware-linux
Thread model: posix
gcc version 4.8.2 (GCC) 
configure:3174: $? = 0
configure:3163: gcc -V >&5
gcc: error: unrecognized command line option '-V'
gcc: fatal error: no input files
compilation terminated.
configure:3174: $? = 1
configure:3163: gcc -qversion >&5
gcc: error: unrecognized command line option '-qversion'
gcc: fatal error: no input files
compilation terminated.
configure:3174: $? = 1
configure:3194: checking whether the C compiler works
configure:3216: gcc    conftest.c  >&5
configure:3220: $? = 0
configure:3268: result: yes
configure:3271: checking for C compiler default output file name
configure:3273: result: a.out
configure:3279: checking for suffix of executables
configure:3286: gcc -o conftest    conftest.c  >&5
configure:3290: $? = 0
configure:3312: result: 
configure:3334: checking whether we are cross compiling
configure:3342: gcc -o conftest    conftest.c  >&5
configure:3346: $? = 0
configure:3353: ./conftest
configure:3357: $? = 0
configure:3372: result: no
configure:3377: checking for suffix of object files
configure:3399: gcc -c   conftest.c >&5
configure:3403: $? = 0
configure:3424: result: o
configure:3428: checking whether we are using the GNU C compiler
configure:3447: gcc -c   conftest.c >&5
configure:3447: $? = 0
configure:3456: result: yes
configure:3465: checking whether gcc accepts -g
configure:3485: gcc -c -g  conftest.c >&5
configure:3485: $? = 0
configure:3526: result: yes
configure:3543: checking for gcc option to accept ISO C89
configure:3607: gcc  -c -g -O2  conftest.c >&5
configure:3607: $? = 0
configure:3620: result: none needed
configure:3651: checking for style of include used by make
configure:3679: result: GNU
configure:3704: checking dependency style of gcc
configure:3814: result: gcc3
configure:3835: checking how to run the C preprocessor
configure:3866: gcc -E  conftest.c
configure:3866: $? = 0
configure:3880: gcc -E  conftest.c
conftest.c:11:28: fatal error: ac_nonexistent.h: No such file or directory
 #include <ac_nonexistent.h>
                            ^
compilation terminated.
configure:3880: $? = 1
configure: failed program was:
| /* confdefs.h */
| #define PACKAGE_NAME "polkit-gnome"
| #define PACKAGE_TARNAME "polkit-gnome"
| #define PACKAGE_VERSION "0.105"
| #define PACKAGE_STRING "polkit-gnome 0.105"
| #define PACKAGE_BUGREPORT "http://lists.freedesktop.org/mailman/listinfo/polkit-devel"
| #define PACKAGE_URL ""
| #define PACKAGE "polkit-gnome"
| #define VERSION "0.105"
| /* end confdefs.h.  */
| #include <ac_nonexistent.h>
configure:3905: result: gcc -E
configure:3925: gcc -E  conftest.c
configure:3925: $? = 0
configure:3939: gcc -E  conftest.c
conftest.c:11:28: fatal error: ac_nonexistent.h: No such file or directory
 #include <ac_nonexistent.h>
                            ^
compilation terminated.
configure:3939: $? = 1
configure: failed program was:
| /* confdefs.h */
| #define PACKAGE_NAME "polkit-gnome"
| #define PACKAGE_TARNAME "polkit-gnome"
| #define PACKAGE_VERSION "0.105"
| #define PACKAGE_STRING "polkit-gnome 0.105"
| #define PACKAGE_BUGREPORT "http://lists.freedesktop.org/mailman/listinfo/polkit-devel"
| #define PACKAGE_URL ""
| #define PACKAGE "polkit-gnome"
| #define VERSION "0.105"
| /* end confdefs.h.  */
| #include <ac_nonexistent.h>
configure:3968: checking for grep that handles long lines and -e
configure:4026: result: /bin/grep
configure:4031: checking for egrep
configure:4093: result: /bin/grep -E
configure:4098: checking for ANSI C header files
configure:4118: gcc -c -g -O2  conftest.c >&5
configure:4118: $? = 0
configure:4191: gcc -o conftest -g -O2   conftest.c  >&5
configure:4191: $? = 0
configure:4191: ./conftest
configure:4191: $? = 0
configure:4202: result: yes
configure:4242: checking build system type
configure:4256: result: x86_64-unknown-linux-gnu
configure:4276: checking host system type
configure:4289: result: x86_64-unknown-linux-gnu
configure:4330: checking how to print strings
configure:4357: result: printf
configure:4378: checking for a sed that does not truncate output
configure:4442: result: /bin/sed
configure:4460: checking for fgrep
configure:4522: result: /bin/grep -F
configure:4557: checking for ld used by gcc
configure:4624: result: /usr/x86_64-slackware-linux/bin/ld
configure:4631: checking if the linker (/usr/x86_64-slackware-linux/bin/ld) is GNU ld
configure:4646: result: yes
configure:4658: checking for BSD- or MS-compatible name lister (nm)
configure:4707: result: /usr/bin/nm -B
configure:4837: checking the name lister (/usr/bin/nm -B) interface
configure:4844: gcc -c -g -O2  conftest.c >&5
configure:4847: /usr/bin/nm -B "conftest.o"
configure:4850: output
0000000000000000 B some_variable
configure:4857: result: BSD nm
configure:4860: checking whether ln -s works
configure:4864: result: yes
configure:4872: checking the maximum length of command line arguments
configure:4997: result: 1572864
configure:5014: checking whether the shell understands some XSI constructs
configure:5024: result: yes
configure:5028: checking whether the shell understands "+="
configure:5034: result: yes
configure:5069: checking how to convert x86_64-unknown-linux-gnu file names to x86_64-unknown-linux-gnu format
configure:5109: result: func_convert_file_noop
configure:5116: checking how to convert x86_64-unknown-linux-gnu file names to toolchain format
configure:5136: result: func_convert_file_noop
configure:5143: checking for /usr/x86_64-slackware-linux/bin/ld option to reload object files
configure:5150: result: -r
configure:5224: checking for objdump
configure:5240: found /usr/bin/objdump
configure:5251: result: objdump
configure:5283: checking how to recognize dependent libraries
configure:5485: result: pass_all
configure:5570: checking for dlltool
configure:5586: found /usr/bin/dlltool
configure:5597: result: dlltool
configure:5630: checking how to associate runtime and link libraries
configure:5657: result: printf %s\n
configure:5717: checking for ar
configure:5733: found /usr/bin/ar
configure:5744: result: ar
configure:5781: checking for archiver @FILE support
configure:5798: gcc -c -g -O2  conftest.c >&5
configure:5798: $? = 0
configure:5801: ar cru libconftest.a @conftest.lst >&5
configure:5804: $? = 0
configure:5809: ar cru libconftest.a @conftest.lst >&5
ar: conftest.o: No such file or directory
configure:5812: $? = 1
configure:5824: result: @
configure:5882: checking for strip
configure:5898: found /usr/bin/strip
configure:5909: result: strip
configure:5981: checking for ranlib
configure:5997: found /usr/bin/ranlib
configure:6008: result: ranlib
configure:6110: checking command to parse /usr/bin/nm -B output from gcc object
configure:6229: gcc -c -g -O2  conftest.c >&5
configure:6232: $? = 0
configure:6236: /usr/bin/nm -B conftest.o \| sed -n -e 's/^.*[ ]\([ABCDGIRSTW][ABCDGIRSTW]*\)[ ][ ]*\([_A-Za-z][_A-Za-z0-9]*\)$/\1 \2 \2/p' | sed '/ __gnu_lto/d' \> conftest.nm
configure:6239: $? = 0
configure:6305: gcc -o conftest -g -O2   conftest.c conftstm.o >&5
configure:6308: $? = 0
configure:6346: result: ok
configure:6383: checking for sysroot
configure:6413: result: no
configure:6490: gcc -c -g -O2  conftest.c >&5
configure:6493: $? = 0
configure:6656: checking for mt
configure:6686: result: no
configure:6706: checking if : is a manifest tool
configure:6712: : '-?'
configure:6720: result: no
configure:7352: checking for sys/types.h
configure:7352: gcc -c -g -O2  conftest.c >&5
configure:7352: $? = 0
configure:7352: result: yes
configure:7352: checking for sys/stat.h
configure:7352: gcc -c -g -O2  conftest.c >&5
configure:7352: $? = 0
configure:7352: result: yes
configure:7352: checking for stdlib.h
configure:7352: gcc -c -g -O2  conftest.c >&5
configure:7352: $? = 0
configure:7352: result: yes
configure:7352: checking for string.h
configure:7352: gcc -c -g -O2  conftest.c >&5
configure:7352: $? = 0
configure:7352: result: yes
configure:7352: checking for memory.h
configure:7352: gcc -c -g -O2  conftest.c >&5
configure:7352: $? = 0
configure:7352: result: yes
configure:7352: checking for strings.h
configure:7352: gcc -c -g -O2  conftest.c >&5
configure:7352: $? = 0
configure:7352: result: yes
configure:7352: checking for inttypes.h
configure:7352: gcc -c -g -O2  conftest.c >&5
configure:7352: $? = 0
configure:7352: result: yes
configure:7352: checking for stdint.h
configure:7352: gcc -c -g -O2  conftest.c >&5
configure:7352: $? = 0
configure:7352: result: yes
configure:7352: checking for unistd.h
configure:7352: gcc -c -g -O2  conftest.c >&5
configure:7352: $? = 0
configure:7352: result: yes
configure:7366: checking for dlfcn.h
configure:7366: gcc -c -g -O2  conftest.c >&5
configure:7366: $? = 0
configure:7366: result: yes
configure:7553: checking for objdir
configure:7568: result: .libs
configure:7839: checking if gcc supports -fno-rtti -fno-exceptions
configure:7857: gcc -c -g -O2  -fno-rtti -fno-exceptions conftest.c >&5
cc1: warning: command line option '-fno-rtti' is valid for C++/ObjC++ but not for C [enabled by default]
configure:7861: $? = 0
configure:7874: result: no
configure:8184: checking for gcc option to produce PIC
configure:8191: result: -fPIC -DPIC
configure:8199: checking if gcc PIC flag -fPIC -DPIC works
configure:8217: gcc -c -g -O2  -fPIC -DPIC -DPIC conftest.c >&5
configure:8221: $? = 0
configure:8234: result: yes
configure:8263: checking if gcc static flag -static works
configure:8291: result: no
configure:8306: checking if gcc supports -c -o file.o
configure:8327: gcc -c -g -O2  -o out/conftest2.o conftest.c >&5
configure:8331: $? = 0
configure:8353: result: yes
configure:8361: checking if gcc supports -c -o file.o
configure:8408: result: yes
configure:8441: checking whether the gcc linker (/usr/x86_64-slackware-linux/bin/ld -m elf_x86_64) supports shared libraries
configure:9599: result: yes
configure:9636: checking whether -lc should be explicitly linked in
configure:9644: gcc -c -g -O2  conftest.c >&5
configure:9647: $? = 0
configure:9662: gcc -shared  -fPIC -DPIC conftest.o  -v -Wl,-soname -Wl,conftest -o conftest 2\>\&1 \| /bin/grep  -lc  \>/dev/null 2\>\&1
configure:9665: $? = 0
configure:9679: result: no
configure:9844: checking dynamic linker characteristics
configure:10358: gcc -o conftest -g -O2   -Wl,-rpath -Wl,/foo conftest.c  >&5
configure:10358: $? = 0
configure:10584: result: GNU/Linux ld.so
configure:10691: checking how to hardcode library paths into programs
configure:10716: result: immediate
configure:11256: checking whether stripping libraries is possible
configure:11261: result: yes
configure:11296: checking if libtool supports shared libraries
configure:11298: result: yes
configure:11301: checking whether to build shared libraries
configure:11322: result: yes
configure:11325: checking whether to build static libraries
configure:11329: result: yes
configure:11418: checking whether gcc understands -Wno-sign-compare
configure:11431: gcc -c -Wall -Wmissing-prototypes -Wnested-externs -Wpointer-arith -g -O2 -Wno-sign-compare  conftest.c >&5
configure:11431: $? = 0
configure:11438: result: yes
configure:11456: checking what warning flags to pass to the C compiler
configure:11458: result: -Wall -Wmissing-prototypes -Wnested-externs -Wpointer-arith -Wno-sign-compare
configure:11469: checking what language compliance flags to pass to the C compiler
configure:11484: result: 
configure:11631: checking for pkg-config
configure:11649: found /usr/bin/pkg-config
configure:11661: result: /usr/bin/pkg-config
configure:11686: checking pkg-config is at least version 0.9.0
configure:11689: result: yes
configure:11699: checking for GTK
configure:11706: $PKG_CONFIG --exists --print-errors "gtk+-3.0 >= $GTK_REQUIRED"
Package gtk+-3.0 was not found in the pkg-config search path.
Perhaps you should add the directory containing `gtk+-3.0.pc'
to the PKG_CONFIG_PATH environment variable
No package 'gtk+-3.0' found
configure:11709: $? = 1
configure:11722: $PKG_CONFIG --exists --print-errors "gtk+-3.0 >= $GTK_REQUIRED"
Package gtk+-3.0 was not found in the pkg-config search path.
Perhaps you should add the directory containing `gtk+-3.0.pc'
to the PKG_CONFIG_PATH environment variable
No package 'gtk+-3.0' found
configure:11725: $? = 1
configure:11738: result: no
No package 'gtk+-3.0' found
configure:11754: error: Package requirements (gtk+-3.0 >= 2.0.0) were not met:

No package 'gtk+-3.0' found

Consider adjusting the PKG_CONFIG_PATH environment variable if you
installed software in a non-standard prefix.

Alternatively, you may set the environment variables GTK_CFLAGS
and GTK_LIBS to avoid the need to call pkg-config.
See the pkg-config man page for more details.

## ---------------- ##
## Cache variables. ##
## ---------------- ##

ac_cv_build=x86_64-unknown-linux-gnu
ac_cv_c_compiler_gnu=yes
ac_cv_env_CC_set=
ac_cv_env_CC_value=
ac_cv_env_CFLAGS_set=
ac_cv_env_CFLAGS_value=
ac_cv_env_CPPFLAGS_set=
ac_cv_env_CPPFLAGS_value=
ac_cv_env_CPP_set=
ac_cv_env_CPP_value=
ac_cv_env_GLIB_CFLAGS_set=
ac_cv_env_GLIB_CFLAGS_value=
ac_cv_env_GLIB_LIBS_set=
ac_cv_env_GLIB_LIBS_value=
ac_cv_env_GTK_CFLAGS_set=
ac_cv_env_GTK_CFLAGS_value=
ac_cv_env_GTK_LIBS_set=
ac_cv_env_GTK_LIBS_value=
ac_cv_env_LDFLAGS_set=
ac_cv_env_LDFLAGS_value=
ac_cv_env_LIBS_set=
ac_cv_env_LIBS_value=
ac_cv_env_PKG_CONFIG_LIBDIR_set=
ac_cv_env_PKG_CONFIG_LIBDIR_value=
ac_cv_env_PKG_CONFIG_PATH_set=set
ac_cv_env_PKG_CONFIG_PATH_value=/usr/local/lib64/pkgconfig:/usr/lib64/pkgconfig:/usr/local/lib64/pkgconfig:/usr/local/lib64/pkgconfig:/usr/local/lib64/pkgconfig
ac_cv_env_PKG_CONFIG_set=
ac_cv_env_PKG_CONFIG_value=
ac_cv_env_POLKIT_AGENT_CFLAGS_set=
ac_cv_env_POLKIT_AGENT_CFLAGS_value=
ac_cv_env_POLKIT_AGENT_LIBS_set=
ac_cv_env_POLKIT_AGENT_LIBS_value=
ac_cv_env_POLKIT_GOBJECT_CFLAGS_set=
ac_cv_env_POLKIT_GOBJECT_CFLAGS_value=
ac_cv_env_POLKIT_GOBJECT_LIBS_set=
ac_cv_env_POLKIT_GOBJECT_LIBS_value=
ac_cv_env_build_alias_set=
ac_cv_env_build_alias_value=
ac_cv_env_host_alias_set=
ac_cv_env_host_alias_value=
ac_cv_env_target_alias_set=
ac_cv_env_target_alias_value=
ac_cv_header_dlfcn_h=yes
ac_cv_header_inttypes_h=yes
ac_cv_header_memory_h=yes
ac_cv_header_stdc=yes
ac_cv_header_stdint_h=yes
ac_cv_header_stdlib_h=yes
ac_cv_header_string_h=yes
ac_cv_header_strings_h=yes
ac_cv_header_sys_stat_h=yes
ac_cv_header_sys_types_h=yes
ac_cv_header_unistd_h=yes
ac_cv_host=x86_64-unknown-linux-gnu
ac_cv_objext=o
ac_cv_path_EGREP='/bin/grep -E'
ac_cv_path_FGREP='/bin/grep -F'
ac_cv_path_GREP=/bin/grep
ac_cv_path_SED=/bin/sed
ac_cv_path_ac_pt_PKG_CONFIG=/usr/bin/pkg-config
ac_cv_path_install='/bin/ginstall -c'
ac_cv_path_mkdir=/bin/mkdir
ac_cv_prog_AWK=gawk
ac_cv_prog_CPP='gcc -E'
ac_cv_prog_ac_ct_AR=ar
ac_cv_prog_ac_ct_CC=gcc
ac_cv_prog_ac_ct_DLLTOOL=dlltool
ac_cv_prog_ac_ct_OBJDUMP=objdump
ac_cv_prog_ac_ct_RANLIB=ranlib
ac_cv_prog_ac_ct_STRIP=strip
ac_cv_prog_cc_c89=
ac_cv_prog_cc_g=yes
ac_cv_prog_make_make_set=yes
am_cv_CC_dependencies_compiler_type=gcc3
lt_cv_ar_at_file=@
lt_cv_archive_cmds_need_lc=no
lt_cv_deplibs_check_method=pass_all
lt_cv_file_magic_cmd='$MAGIC_CMD'
lt_cv_file_magic_test_file=
lt_cv_ld_reload_flag=-r
lt_cv_nm_interface='BSD nm'
lt_cv_objdir=.libs
lt_cv_path_LD=/usr/x86_64-slackware-linux/bin/ld
lt_cv_path_NM='/usr/bin/nm -B'
lt_cv_path_mainfest_tool=no
lt_cv_prog_compiler_c_o=yes
lt_cv_prog_compiler_pic='-fPIC -DPIC'
lt_cv_prog_compiler_pic_works=yes
lt_cv_prog_compiler_rtti_exceptions=no
lt_cv_prog_compiler_static_works=no
lt_cv_prog_gnu_ld=yes
lt_cv_sharedlib_from_linklib_cmd='printf %s\n'
lt_cv_shlibpath_overrides_runpath=no
lt_cv_sys_global_symbol_pipe='sed -n -e '\''s/^.*[	 ]\([ABCDGIRSTW][ABCDGIRSTW]*\)[	 ][	 ]*\([_A-Za-z][_A-Za-z0-9]*\)$/\1 \2 \2/p'\'' | sed '\''/ __gnu_lto/d'\'''
lt_cv_sys_global_symbol_to_c_name_address='sed -n -e '\''s/^: \([^ ]*\)[ ]*$/  {\"\1\", (void *) 0},/p'\'' -e '\''s/^[ABCDGIRSTW]* \([^ ]*\) \([^ ]*\)$/  {"\2", (void *) \&\2},/p'\'''
lt_cv_sys_global_symbol_to_c_name_address_lib_prefix='sed -n -e '\''s/^: \([^ ]*\)[ ]*$/  {\"\1\", (void *) 0},/p'\'' -e '\''s/^[ABCDGIRSTW]* \([^ ]*\) \(lib[^ ]*\)$/  {"\2", (void *) \&\2},/p'\'' -e '\''s/^[ABCDGIRSTW]* \([^ ]*\) \([^ ]*\)$/  {"lib\2", (void *) \&\2},/p'\'''
lt_cv_sys_global_symbol_to_cdecl='sed -n -e '\''s/^T .* \(.*\)$/extern int \1();/p'\'' -e '\''s/^[ABCDGIRSTW]* .* \(.*\)$/extern char \1;/p'\'''
lt_cv_sys_max_cmd_len=1572864
lt_cv_to_host_file_cmd=func_convert_file_noop
lt_cv_to_tool_file_cmd=func_convert_file_noop

## ----------------- ##
## Output variables. ##
## ----------------- ##

ACLOCAL='${SHELL} /mnt/sda8/Porteus-v3.1/xfce/git/SRC/dep/polkit-gnome-105/polkit-gnome-0.105/missing --run aclocal-1.11'
ALL_LINGUAS=''
AMDEPBACKSLASH='\'
AMDEP_FALSE='#'
AMDEP_TRUE=''
AMTAR='${SHELL} /mnt/sda8/Porteus-v3.1/xfce/git/SRC/dep/polkit-gnome-105/polkit-gnome-0.105/missing --run tar'
AM_BACKSLASH='\'
AM_CFLAGS=''
AM_CPPFLAGS=''
AM_CXXFLAGS=''
AM_DEFAULT_VERBOSITY='0'
AM_LDFLAGS=''
AR='ar'
AUTOCONF='${SHELL} /mnt/sda8/Porteus-v3.1/xfce/git/SRC/dep/polkit-gnome-105/polkit-gnome-0.105/missing --run autoconf'
AUTOHEADER='${SHELL} /mnt/sda8/Porteus-v3.1/xfce/git/SRC/dep/polkit-gnome-105/polkit-gnome-0.105/missing --run autoheader'
AUTOMAKE='${SHELL} /mnt/sda8/Porteus-v3.1/xfce/git/SRC/dep/polkit-gnome-105/polkit-gnome-0.105/missing --run automake-1.11'
AWK='gawk'
CATALOGS=''
CATOBJEXT=''
CC='gcc'
CCDEPMODE='depmode=gcc3'
CFLAGS='-g -O2 -Wall -Wchar-subscripts -Wmissing-declarations -Wnested-externs -Wpointer-arith -Wcast-align -Wsign-compare'
CPP='gcc -E'
CPPFLAGS=''
CYGPATH_W='echo'
DATADIRNAME=''
DEFS=''
DEPDIR='.deps'
DLLTOOL='dlltool'
DSYMUTIL=''
DUMPBIN=''
ECHO_C=''
ECHO_N='-n'
ECHO_T=''
EGREP='/bin/grep -E'
EXEEXT=''
FGREP='/bin/grep -F'
GETTEXT_PACKAGE=''
GLIB_CFLAGS=''
GLIB_LIBS=''
GMOFILES=''
GMSGFMT=''
GREP='/bin/grep'
GTK_CFLAGS=''
GTK_LIBS=''
INSTALL_DATA='${INSTALL} -m 644'
INSTALL_PROGRAM='${INSTALL}'
INSTALL_SCRIPT='${INSTALL}'
INSTALL_STRIP_PROGRAM='$(install_sh) -c -s'
INSTOBJEXT=''
INTLLIBS=''
INTLTOOL_CAVES_RULE=''
INTLTOOL_DESKTOP_RULE=''
INTLTOOL_DIRECTORY_RULE=''
INTLTOOL_EXTRACT=''
INTLTOOL_KBD_RULE=''
INTLTOOL_KEYS_RULE=''
INTLTOOL_MERGE=''
INTLTOOL_OAF_RULE=''
INTLTOOL_PERL=''
INTLTOOL_POLICY_RULE=''
INTLTOOL_PONG_RULE=''
INTLTOOL_PROP_RULE=''
INTLTOOL_SCHEMAS_RULE=''
INTLTOOL_SERVER_RULE=''
INTLTOOL_SERVICE_RULE=''
INTLTOOL_SHEET_RULE=''
INTLTOOL_SOUNDLIST_RULE=''
INTLTOOL_THEME_RULE=''
INTLTOOL_UI_RULE=''
INTLTOOL_UPDATE=''
INTLTOOL_XAM_RULE=''
INTLTOOL_XML_NOMERGE_RULE=''
INTLTOOL_XML_RULE=''
LD='/usr/x86_64-slackware-linux/bin/ld -m elf_x86_64'
LDFLAGS=''
LIBOBJS=''
LIBS=''
LIBTOOL='$(SHELL) $(top_builddir)/libtool'
LIPO=''
LN_S='ln -s'
LTLIBOBJS=''
LT_AGE='0'
LT_CURRENT='0'
LT_REVISION='0'
MAINT=''
MAINTAINER_MODE_FALSE='#'
MAINTAINER_MODE_TRUE=''
MAKEINFO='${SHELL} /mnt/sda8/Porteus-v3.1/xfce/git/SRC/dep/polkit-gnome-105/polkit-gnome-0.105/missing --run makeinfo'
MANIFEST_TOOL=':'
MKDIR_P='/bin/mkdir -p'
MKINSTALLDIRS=''
MSGFMT=''
MSGFMT_OPTS=''
MSGMERGE=''
NM='/usr/bin/nm -B'
NMEDIT=''
OBJDUMP='objdump'
OBJEXT='o'
OTOOL64=''
OTOOL=''
PACKAGE='polkit-gnome'
PACKAGE_BUGREPORT='http://lists.freedesktop.org/mailman/listinfo/polkit-devel'
PACKAGE_NAME='polkit-gnome'
PACKAGE_STRING='polkit-gnome 0.105'
PACKAGE_TARNAME='polkit-gnome'
PACKAGE_URL=''
PACKAGE_VERSION='0.105'
PATH_SEPARATOR=':'
PKG_CONFIG='/usr/bin/pkg-config'
PKG_CONFIG_LIBDIR=''
PKG_CONFIG_PATH='/usr/local/lib64/pkgconfig:/usr/lib64/pkgconfig:/usr/local/lib64/pkgconfig:/usr/local/lib64/pkgconfig:/usr/local/lib64/pkgconfig'
POFILES=''
POLKIT_AGENT_CFLAGS=''
POLKIT_AGENT_LIBS=''
POLKIT_GOBJECT_CFLAGS=''
POLKIT_GOBJECT_LIBS=''
POSUB=''
PO_IN_DATADIR_FALSE=''
PO_IN_DATADIR_TRUE=''
RANLIB='ranlib'
SED='/bin/sed'
SET_MAKE=''
SHELL='/bin/sh'
STRIP='strip'
USE_NLS=''
VERSION='0.105'
WARN_CFLAGS='-Wall -Wmissing-prototypes -Wnested-externs -Wpointer-arith -Wno-sign-compare '
XGETTEXT=''
ac_ct_AR='ar'
ac_ct_CC='gcc'
ac_ct_DUMPBIN=''
am__EXEEXT_FALSE=''
am__EXEEXT_TRUE=''
am__fastdepCC_FALSE='#'
am__fastdepCC_TRUE=''
am__include='include'
am__isrc=''
am__leading_dot='.'
am__quote=''
am__tar='${AMTAR} chof - "$$tardir"'
am__untar='${AMTAR} xf -'
bindir='${exec_prefix}/bin'
build='x86_64-unknown-linux-gnu'
build_alias=''
build_cpu='x86_64'
build_os='linux-gnu'
build_vendor='unknown'
datadir='${datarootdir}'
datarootdir='${prefix}/share'
docdir='${datarootdir}/doc/${PACKAGE_TARNAME}'
dvidir='${docdir}'
exec_prefix='NONE'
host='x86_64-unknown-linux-gnu'
host_alias=''
host_cpu='x86_64'
host_os='linux-gnu'
host_vendor='unknown'
htmldir='${docdir}'
includedir='${prefix}/include'
infodir='${datarootdir}/info'
install_sh='${SHELL} /mnt/sda8/Porteus-v3.1/xfce/git/SRC/dep/polkit-gnome-105/polkit-gnome-0.105/install-sh'
libdir='${exec_prefix}/lib'
libexecdir='${exec_prefix}/libexec'
localedir='${datarootdir}/locale'
localstatedir='${prefix}/var'
mandir='${datarootdir}/man'
mkdir_p='/bin/mkdir -p'
oldincludedir='/usr/include'
pdfdir='${docdir}'
prefix='/usr'
program_transform_name='s,x,x,'
psdir='${docdir}'
sbindir='${exec_prefix}/sbin'
sharedstatedir='${prefix}/com'
sysconfdir='${prefix}/etc'
target_alias=''

## ----------- ##
## confdefs.h. ##
## ----------- ##

/* confdefs.h */
#define PACKAGE_NAME "polkit-gnome"
#define PACKAGE_TARNAME "polkit-gnome"
#define PACKAGE_VERSION "0.105"
#define PACKAGE_STRING "polkit-gnome 0.105"
#define PACKAGE_BUGREPORT "http://lists.freedesktop.org/mailman/listinfo/polkit-devel"
#define PACKAGE_URL ""
#define PACKAGE "polkit-gnome"
#define VERSION "0.105"
#define STDC_HEADERS 1
#define HAVE_SYS_TYPES_H 1
#define HAVE_SYS_STAT_H 1
#define HAVE_STDLIB_H 1
#define HAVE_STRING_H 1
#define HAVE_MEMORY_H 1
#define HAVE_STRINGS_H 1
#define HAVE_INTTYPES_H 1
#define HAVE_STDINT_H 1
#define HAVE_UNISTD_H 1
#define HAVE_DLFCN_H 1
#define LT_OBJDIR ".libs/"

configure: exit 1
